Compiled jquery.js  (2ms)  (pid 31347)
Compiled jquery_ujs.js  (0ms)  (pid 31347)
Compiled twitter/bootstrap/bootstrap-transition.js  (0ms)  (pid 31347)
Compiled twitter/bootstrap/bootstrap-alert.js  (0ms)  (pid 31347)
Compiled twitter/bootstrap/bootstrap-modal.js  (0ms)  (pid 31347)
Compiled twitter/bootstrap/bootstrap-dropdown.js  (0ms)  (pid 31347)
Compiled twitter/bootstrap/bootstrap-scrollspy.js  (0ms)  (pid 31347)
Compiled twitter/bootstrap/bootstrap-tab.js  (0ms)  (pid 31347)
Compiled twitter/bootstrap/bootstrap-tooltip.js  (0ms)  (pid 31347)
Compiled twitter/bootstrap/bootstrap-popover.js  (0ms)  (pid 31347)
Compiled twitter/bootstrap/bootstrap-button.js  (0ms)  (pid 31347)
Compiled twitter/bootstrap/bootstrap-collapse.js  (0ms)  (pid 31347)
Compiled twitter/bootstrap/bootstrap-carousel.js  (0ms)  (pid 31347)
Compiled twitter/bootstrap/bootstrap-typeahead.js  (0ms)  (pid 31347)
Compiled twitter/bootstrap/bootstrap-affix.js  (0ms)  (pid 31347)
Compiled twitter/bootstrap.js  (156ms)  (pid 31347)
Compiled bootstrap.js  (220ms)  (pid 31347)
Compiled entries.js  (112ms)  (pid 31347)
Compiled feeds.js  (115ms)  (pid 31347)
Compiled application.js  (681ms)  (pid 31347)
Compiled twitter-bootstrap-static/bootstrap.css  (61ms)  (pid 31347)
Compiled twitter-bootstrap-static/fontawesome.css  (60ms)  (pid 31347)
Compiled bootstrap_and_overrides.css  (141ms)  (pid 31347)
Compiled entries.css  (10ms)  (pid 31347)
Compiled feeds.css  (1ms)  (pid 31347)
Compiled application.css  (169ms)  (pid 31347)
Compiled jquery.js  (2ms)  (pid 31347)
Compiled jquery_ujs.js  (0ms)  (pid 31347)
Compiled twitter/bootstrap/bootstrap-transition.js  (0ms)  (pid 31347)
Compiled twitter/bootstrap/bootstrap-alert.js  (0ms)  (pid 31347)
Compiled twitter/bootstrap/bootstrap-modal.js  (0ms)  (pid 31347)
Compiled twitter/bootstrap/bootstrap-dropdown.js  (0ms)  (pid 31347)
Compiled twitter/bootstrap/bootstrap-scrollspy.js  (0ms)  (pid 31347)
Compiled twitter/bootstrap/bootstrap-tab.js  (0ms)  (pid 31347)
Compiled twitter/bootstrap/bootstrap-tooltip.js  (0ms)  (pid 31347)
Compiled twitter/bootstrap/bootstrap-popover.js  (0ms)  (pid 31347)
Compiled twitter/bootstrap/bootstrap-button.js  (0ms)  (pid 31347)
Compiled twitter/bootstrap/bootstrap-collapse.js  (0ms)  (pid 31347)
Compiled twitter/bootstrap/bootstrap-carousel.js  (0ms)  (pid 31347)
Compiled twitter/bootstrap/bootstrap-typeahead.js  (0ms)  (pid 31347)
Compiled twitter/bootstrap/bootstrap-affix.js  (0ms)  (pid 31347)
Compiled twitter/bootstrap.js  (131ms)  (pid 31347)
Compiled bootstrap.js  (124ms)  (pid 31347)
Compiled entries.js  (118ms)  (pid 31347)
Compiled feeds.js  (125ms)  (pid 31347)
Compiled application.js  (609ms)  (pid 31347)
Compiled twitter-bootstrap-static/bootstrap.css  (66ms)  (pid 31347)
Compiled twitter-bootstrap-static/fontawesome.css  (52ms)  (pid 31347)
Compiled bootstrap_and_overrides.css  (138ms)  (pid 31347)
Compiled entries.css  (9ms)  (pid 31347)
Compiled feeds.css  (1ms)  (pid 31347)
Compiled application.css  (169ms)  (pid 31347)
Compiled jquery.js  (2ms)  (pid 32269)
Compiled jquery_ujs.js  (0ms)  (pid 32269)
Compiled twitter/bootstrap/bootstrap-transition.js  (0ms)  (pid 32269)
Compiled twitter/bootstrap/bootstrap-alert.js  (0ms)  (pid 32269)
Compiled twitter/bootstrap/bootstrap-modal.js  (0ms)  (pid 32269)
Compiled twitter/bootstrap/bootstrap-dropdown.js  (0ms)  (pid 32269)
Compiled twitter/bootstrap/bootstrap-scrollspy.js  (0ms)  (pid 32269)
Compiled twitter/bootstrap/bootstrap-tab.js  (0ms)  (pid 32269)
Compiled twitter/bootstrap/bootstrap-tooltip.js  (0ms)  (pid 32269)
Compiled twitter/bootstrap/bootstrap-popover.js  (0ms)  (pid 32269)
Compiled twitter/bootstrap/bootstrap-button.js  (0ms)  (pid 32269)
Compiled twitter/bootstrap/bootstrap-collapse.js  (0ms)  (pid 32269)
Compiled twitter/bootstrap/bootstrap-carousel.js  (0ms)  (pid 32269)
Compiled twitter/bootstrap/bootstrap-typeahead.js  (0ms)  (pid 32269)
Compiled twitter/bootstrap/bootstrap-affix.js  (0ms)  (pid 32269)
Compiled twitter/bootstrap.js  (149ms)  (pid 32269)
Compiled bootstrap.js  (210ms)  (pid 32269)
Compiled entries.js  (115ms)  (pid 32269)
Compiled feeds.js  (111ms)  (pid 32269)
Compiled application.js  (630ms)  (pid 32269)
Compiled twitter-bootstrap-static/bootstrap.css  (62ms)  (pid 32269)
Compiled twitter-bootstrap-static/fontawesome.css  (28ms)  (pid 32269)
Compiled bootstrap_and_overrides.css  (138ms)  (pid 32269)
Compiled entries.css  (8ms)  (pid 32269)
Compiled feeds.css  (1ms)  (pid 32269)
Compiled application.css  (164ms)  (pid 32269)
Compiled jquery.js  (2ms)  (pid 32269)
Compiled jquery_ujs.js  (0ms)  (pid 32269)
Compiled twitter/bootstrap/bootstrap-transition.js  (0ms)  (pid 32269)
Compiled twitter/bootstrap/bootstrap-alert.js  (0ms)  (pid 32269)
Compiled twitter/bootstrap/bootstrap-modal.js  (0ms)  (pid 32269)
Compiled twitter/bootstrap/bootstrap-dropdown.js  (0ms)  (pid 32269)
Compiled twitter/bootstrap/bootstrap-scrollspy.js  (0ms)  (pid 32269)
Compiled twitter/bootstrap/bootstrap-tab.js  (0ms)  (pid 32269)
Compiled twitter/bootstrap/bootstrap-tooltip.js  (0ms)  (pid 32269)
Compiled twitter/bootstrap/bootstrap-popover.js  (0ms)  (pid 32269)
Compiled twitter/bootstrap/bootstrap-button.js  (0ms)  (pid 32269)
Compiled twitter/bootstrap/bootstrap-collapse.js  (0ms)  (pid 32269)
Compiled twitter/bootstrap/bootstrap-carousel.js  (0ms)  (pid 32269)
Compiled twitter/bootstrap/bootstrap-typeahead.js  (0ms)  (pid 32269)
Compiled twitter/bootstrap/bootstrap-affix.js  (0ms)  (pid 32269)
Compiled twitter/bootstrap.js  (137ms)  (pid 32269)
Compiled bootstrap.js  (120ms)  (pid 32269)
Compiled entries.js  (113ms)  (pid 32269)
Compiled feeds.js  (114ms)  (pid 32269)
Compiled application.js  (610ms)  (pid 32269)
Compiled twitter-bootstrap-static/bootstrap.css  (62ms)  (pid 32269)
Compiled twitter-bootstrap-static/fontawesome.css  (45ms)  (pid 32269)
Compiled bootstrap_and_overrides.css  (125ms)  (pid 32269)
Compiled entries.css  (8ms)  (pid 32269)
Compiled feeds.css  (1ms)  (pid 32269)
Compiled application.css  (154ms)  (pid 32269)
